Using pre-set license
Built from '2021.1/staging' branch; Version is '2021.1.26f1 (6f076387c01d) revision 7276387'; Using compiler version '192528614'; Build Type 'Release'
OS: 'Windows 10 Home; OS build 19042.1288; Version 2009; 64bit' Language: 'nl' Physical Memory: 16251 MB
BatchMode: 1, IsHumanControllingUs: 0, StartBugReporterOnCrash: 0, Is64bit: 1, IsPro: 0

COMMAND LINE ARGUMENTS:
C:\Program Files\Unity\Hub\Editor\2021.1.26f1\Editor\Unity.exe
-adb2
-batchMode
-noUpm
-name
AssetImportWorker1
-projectPath
C:/Users/Jor02/Documents/Unity/Ludwig2021
-logFile
Logs/AssetImportWorker1.log
-srvPort
53189
Successfully changed project path to: C:/Users/Jor02/Documents/Unity/Ludwig2021
C:/Users/Jor02/Documents/Unity/Ludwig2021
Using Asset Import Pipeline V2.
Refreshing native plugins compatible for Editor in 58.12 ms, found 2 plugins.
Preloading 0 native plugins for Editor in 0.00 ms.
Initialize engine version: 2021.1.26f1 (6f076387c01d)
[Subsystems] Discovering subsystems at path C:/Program Files/Unity/Hub/Editor/2021.1.26f1/Editor/Data/Resources/UnitySubsystems
[Subsystems] Discovering subsystems at path C:/Users/Jor02/Documents/Unity/Ludwig2021/Assets
GfxDevice: creating device client; threaded=0; jobified=0
Direct3D:
    Version:  Direct3D 11.0 [level 11.1]
    Renderer: NVIDIA GeForce GTX 1650 Ti (ID=0x1f95)
    Vendor:   NVIDIA
    VRAM:     3962 MB
    Driver:   30.0.14.9613
Initialize mono
Mono path[0] = 'C:/Program Files/Unity/Hub/Editor/2021.1.26f1/Editor/Data/Managed'
Mono path[1] = 'C:/Program Files/Unity/Hub/Editor/2021.1.26f1/Editor/Data/MonoBleedingEdge/lib/mono/unityjit'
Mono config path = 'C:/Program Files/Unity/Hub/Editor/2021.1.26f1/Editor/Data/MonoBleedingEdge/etc'
Using monoOptions --debugger-agent=transport=dt_socket,embedding=1,server=y,suspend=n,address=127.0.0.1:56868
Begin MonoManager ReloadAssembly
Registering precompiled unity dll's ...
Register platform support module: C:/Program Files/Unity/Hub/Editor/2021.1.26f1/Editor/Data/PlaybackEngines/MacStandaloneSupport/UnityEditor.OSXStandalone.Extensions.dll
Register platform support module: C:/Program Files/Unity/Hub/Editor/2021.1.26f1/Editor/Data/PlaybackEngines/WindowsStandaloneSupport/UnityEditor.WindowsStandalone.Extensions.dll
Register platform support module: C:/Program Files/Unity/Hub/Editor/2021.1.26f1/Editor/Data/PlaybackEngines/LinuxStandaloneSupport/UnityEditor.LinuxStandalone.Extensions.dll
Registered in 0.002199 seconds.
Native extension for LinuxStandalone target not found
Native extension for WindowsStandalone target not found
Native extension for OSXStandalone target not found
Refreshing native plugins compatible for Editor in 59.69 ms, found 2 plugins.
Preloading 0 native plugins for Editor in 0.00 ms.
Mono: successfully reloaded assembly
- Completed reload, in  2.168 seconds
Domain Reload Profiling:
	ReloadAssembly (2168ms)
		BeginReloadAssembly (60ms)
			ExecutionOrderSort (0ms)
			DisableScriptedObjects (0ms)
			BackupInstance (0ms)
			ReleaseScriptingObjects (0ms)
			CreateAndSetChildDomain (1ms)
		EndReloadAssembly (439ms)
			LoadAssemblies (58ms)
			RebuildTransferFunctionScriptingTraits (0ms)
			SetupTypeCache (151ms)
			ReleaseScriptCaches (0ms)
			RebuildScriptCaches (28ms)
			SetupLoadedEditorAssemblies (215ms)
				LogAssemblyErrors (0ms)
				InitializePlatformSupportModulesInManaged (8ms)
				SetLoadedEditorAssemblies (0ms)
				RefreshPlugins (60ms)
				BeforeProcessingInitializeOnLoad (1ms)
				ProcessInitializeOnLoadAttributes (119ms)
				ProcessInitializeOnLoadMethodAttributes (27ms)
				AfterProcessingInitializeOnLoad (0ms)
				EditorAssembliesLoaded (0ms)
			ExecutionOrderSort2 (0ms)
			AwakeInstancesAfterBackupRestoration (0ms)
Platform modules already initialized, skipping
Registering precompiled user dll's ...
Registered in 0.004119 seconds.
Begin MonoManager ReloadAssembly
Native extension for LinuxStandalone target not found
Native extension for WindowsStandalone target not found
Native extension for OSXStandalone target not found
Refreshing native plugins compatible for Editor in 67.67 ms, found 2 plugins.
Preloading 0 native plugins for Editor in 0.00 ms.
Mono: successfully reloaded assembly
- Completed reload, in  1.386 seconds
Domain Reload Profiling:
	ReloadAssembly (1387ms)
		BeginReloadAssembly (160ms)
			ExecutionOrderSort (0ms)
			DisableScriptedObjects (5ms)
			BackupInstance (0ms)
			ReleaseScriptingObjects (0ms)
			CreateAndSetChildDomain (21ms)
		EndReloadAssembly (1167ms)
			LoadAssemblies (99ms)
			RebuildTransferFunctionScriptingTraits (0ms)
			SetupTypeCache (350ms)
			ReleaseScriptCaches (1ms)
			RebuildScriptCaches (55ms)
			SetupLoadedEditorAssemblies (575ms)
				LogAssemblyErrors (0ms)
				InitializePlatformSupportModulesInManaged (7ms)
				SetLoadedEditorAssemblies (0ms)
				RefreshPlugins (68ms)
				BeforeProcessingInitializeOnLoad (81ms)
				ProcessInitializeOnLoadAttributes (405ms)
				ProcessInitializeOnLoadMethodAttributes (8ms)
				AfterProcessingInitializeOnLoad (6ms)
				EditorAssembliesLoaded (0ms)
			ExecutionOrderSort2 (0ms)
			AwakeInstancesAfterBackupRestoration (6ms)
Platform modules already initialized, skipping
========================================================================
Worker process is ready to serve import requests
Launched and connected shader compiler UnityShaderCompiler.exe after 0.06 seconds
Refreshing native plugins compatible for Editor in 0.71 ms, found 2 plugins.
Preloading 0 native plugins for Editor in 0.00 ms.
Unloading 3447 Unused Serialized files (Serialized files now loaded: 0)
System memory in use before: 160.4 MB.
System memory in use after: 106.3 MB.

Unloading 136 unused Assets to reduce memory usage. Loaded Objects now: 3895.
Total: 7.315800 ms (FindLiveObjects: 0.460800 ms CreateObjectMapping: 0.408100 ms MarkObjects: 6.278800 ms  DeleteObjects: 0.166900 ms)

AssetImportParameters requested are different than current active one (requested -> active):
  custom:framework-win-MediaFoundation: 216162199b28c13a410421893ffa2e32 -> 
  custom:video-decoder-ogg-theora: a1e56fd34408186e4bbccfd4996cb3dc -> 
  custom:container-muxer-webm: aa71ff27fc2769a1b78a27578f13a17b -> 
  custom:container-demuxer-webm: 4f35f7cbe854078d1ac9338744f61a02 -> 
  custom:container-demuxer-ogg: 62fdf1f143b41e24485cea50d1cbac27 -> 
  custom:video-encoder-webm-vp8: eb34c28f22e8b96e1ab97ce403110664 -> 
  custom:video-codec-MediaFoundation-h265: 746d11721c4dcdbdad8f713fa42b33f4 -> 
  custom:video-decoder-webm-vp8: 9c59270c3fd7afecdb556c50c9e8de78 -> 
  custom:audio-decoder-ogg-vorbis: bf7c407c2cedff20999df2af8eb42d56 -> 
  custom:audio-encoder-webm-vorbis: bf7c407c2cedff20999df2af8eb42d56 -> 
========================================================================
Received Import Request.
  path: Assets/Visual/Models/Leafs.fbx
  artifactKey: Guid(d37324a04120aaa40b2b88b942be31c9) Importer(815301076,1909f56bfc062723c751e8b465ee728b)
Start importing Assets/Visual/Models/Leafs.fbx using Guid(d37324a04120aaa40b2b88b942be31c9) Importer(815301076,1909f56bfc062723c751e8b465ee728b)  -> (artifact id: '57708e0b2b2b49bc675690b5d601f3a4') in 0.258985 seconds 
========================================================================
Received Import Request.
  Time since last request: 4.136660 seconds.
  path: Assets/Visual/Models/Leafs.fbx
  artifactKey: Guid(d37324a04120aaa40b2b88b942be31c9) Importer(815301076,1909f56bfc062723c751e8b465ee728b)
Start importing Assets/Visual/Models/Leafs.fbx using Guid(d37324a04120aaa40b2b88b942be31c9) Importer(815301076,1909f56bfc062723c751e8b465ee728b)  -> (artifact id: 'c95012d5ed2e18240abce2eb0e9244a7') in 0.024408 seconds 
========================================================================
Received Import Request.
  Time since last request: 30.591016 seconds.
  path: Assets/Visual/Models/Leafs.fbx
  artifactKey: Guid(d37324a04120aaa40b2b88b942be31c9) Importer(815301076,1909f56bfc062723c751e8b465ee728b)
Start importing Assets/Visual/Models/Leafs.fbx using Guid(d37324a04120aaa40b2b88b942be31c9) Importer(815301076,1909f56bfc062723c751e8b465ee728b)  -> (artifact id: 'd3c449ef8331d9f218fe5821fcef1ac3') in 0.022352 seconds 
========================================================================
Received Import Request.
  Time since last request: 59.396560 seconds.
  path: Assets/Visual/Materials/Level/Concrete.mat
  artifactKey: Guid(d7eda1b26cf009041896f96688690818) Importer(815301076,1909f56bfc062723c751e8b465ee728b)
Start importing Assets/Visual/Materials/Level/Concrete.mat using Guid(d7eda1b26cf009041896f96688690818) Importer(815301076,1909f56bfc062723c751e8b465ee728b)  -> (artifact id: '01e8da13b1301b672e0b3c320435721c') in 0.024021 seconds 
========================================================================
Received Import Request.
  Time since last request: 3.378508 seconds.
  path: Assets/Visual/Materials/Level/Leafs.mat
  artifactKey: Guid(41233fe4c069aeb4aa9308e0c33295fa) Importer(815301076,1909f56bfc062723c751e8b465ee728b)
Start importing Assets/Visual/Materials/Level/Leafs.mat using Guid(41233fe4c069aeb4aa9308e0c33295fa) Importer(815301076,1909f56bfc062723c751e8b465ee728b)  -> (artifact id: '4990071032e780ae7accb64167dac322') in 0.018656 seconds 
========================================================================
Received Import Request.
  Time since last request: 114.801196 seconds.
  path: Assets/Visual/Materials/Level/Leafs.mat
  artifactKey: Guid(41233fe4c069aeb4aa9308e0c33295fa) Importer(815301076,1909f56bfc062723c751e8b465ee728b)
Start importing Assets/Visual/Materials/Level/Leafs.mat using Guid(41233fe4c069aeb4aa9308e0c33295fa) Importer(815301076,1909f56bfc062723c751e8b465ee728b)  -> (artifact id: 'be2e49b28fc14b2a35f3eaaa9eeeca99') in 0.012481 seconds 
