Using pre-set license
Built from '2020.3/staging' branch; Version is '2020.3.18f1 (a7d1c678663c) revision 10998214'; Using compiler version '192528614'; Build Type 'Release'
OS: 'Windows 10 Home; OS build 19042.1288; Version 2009; 64bit' Language: 'nl' Physical Memory: 16251 MB
BatchMode: 1, IsHumanControllingUs: 0, StartBugReporterOnCrash: 0, Is64bit: 1, IsPro: 0

COMMAND LINE ARGUMENTS:
C:\Program Files\Unity\Hub\Editor\2020.3.18f1\Editor\Unity.exe
-adb2
-batchMode
-noUpm
-name
AssetImportWorker1
-projectPath
C:/Users/Jor02/Documents/Unity/Ludwig2021
-logFile
Logs/AssetImportWorker1.log
-srvPort
58755
Successfully changed project path to: C:/Users/Jor02/Documents/Unity/Ludwig2021
C:/Users/Jor02/Documents/Unity/Ludwig2021
Using Asset Import Pipeline V2.
Refreshing native plugins compatible for Editor in 45.17 ms, found 2 plugins.
Preloading 0 native plugins for Editor in 0.00 ms.
Initialize engine version: 2020.3.18f1 (a7d1c678663c)
[Subsystems] Discovering subsystems at path C:/Program Files/Unity/Hub/Editor/2020.3.18f1/Editor/Data/Resources/UnitySubsystems
[Subsystems] Discovering subsystems at path C:/Users/Jor02/Documents/Unity/Ludwig2021/Assets
GfxDevice: creating device client; threaded=0
Direct3D:
    Version:  Direct3D 11.0 [level 11.1]
    Renderer: NVIDIA GeForce GTX 1650 Ti (ID=0x1f95)
    Vendor:   
    VRAM:     3962 MB
    Driver:   30.0.14.9613
Initialize mono
Mono path[0] = 'C:/Program Files/Unity/Hub/Editor/2020.3.18f1/Editor/Data/Managed'
Mono path[1] = 'C:/Program Files/Unity/Hub/Editor/2020.3.18f1/Editor/Data/MonoBleedingEdge/lib/mono/unityjit'
Mono config path = 'C:/Program Files/Unity/Hub/Editor/2020.3.18f1/Editor/Data/MonoBleedingEdge/etc'
Using monoOptions --debugger-agent=transport=dt_socket,embedding=1,server=y,suspend=n,address=127.0.0.1:56556
Begin MonoManager ReloadAssembly
Registering precompiled unity dll's ...
Register platform support module: C:/Program Files/Unity/Hub/Editor/2020.3.18f1/Editor/Data/PlaybackEngines/WindowsStandaloneSupport/UnityEditor.WindowsStandalone.Extensions.dll
Registered in 0.001637 seconds.
Native extension for WindowsStandalone target not found
Refreshing native plugins compatible for Editor in 50.46 ms, found 2 plugins.
Preloading 0 native plugins for Editor in 0.00 ms.
Mono: successfully reloaded assembly
- Completed reload, in  1.731 seconds
Domain Reload Profiling:
	ReloadAssembly (1732ms)
		BeginReloadAssembly (53ms)
			ExecutionOrderSort (0ms)
			DisableScriptedObjects (0ms)
			BackupInstance (0ms)
			ReleaseScriptingObjects (0ms)
			CreateAndSetChildDomain (1ms)
		EndReloadAssembly (433ms)
			LoadAssemblies (51ms)
			RebuildTransferFunctionScriptingTraits (0ms)
			SetupTypeCache (157ms)
			ReleaseScriptCaches (0ms)
			RebuildScriptCaches (30ms)
			SetupLoadedEditorAssemblies (176ms)
				LogAssemblyErrors (0ms)
				InitializePlatformSupportModulesInManaged (4ms)
				SetLoadedEditorAssemblies (0ms)
				RefreshPlugins (51ms)
				BeforeProcessingInitializeOnLoad (17ms)
				ProcessInitializeOnLoadAttributes (75ms)
				ProcessInitializeOnLoadMethodAttributes (29ms)
				AfterProcessingInitializeOnLoad (0ms)
				EditorAssembliesLoaded (0ms)
			ExecutionOrderSort2 (0ms)
			AwakeInstancesAfterBackupRestoration (0ms)
Platform modules already initialized, skipping
Registering precompiled user dll's ...
Registered in 0.003892 seconds.
Begin MonoManager ReloadAssembly
Native extension for WindowsStandalone target not found
Refreshing native plugins compatible for Editor in 44.87 ms, found 2 plugins.
Preloading 0 native plugins for Editor in 0.00 ms.
Mono: successfully reloaded assembly
- Completed reload, in  1.037 seconds
Domain Reload Profiling:
	ReloadAssembly (1038ms)
		BeginReloadAssembly (127ms)
			ExecutionOrderSort (0ms)
			DisableScriptedObjects (4ms)
			BackupInstance (0ms)
			ReleaseScriptingObjects (0ms)
			CreateAndSetChildDomain (17ms)
		EndReloadAssembly (855ms)
			LoadAssemblies (78ms)
			RebuildTransferFunctionScriptingTraits (0ms)
			SetupTypeCache (294ms)
			ReleaseScriptCaches (0ms)
			RebuildScriptCaches (44ms)
			SetupLoadedEditorAssemblies (317ms)
				LogAssemblyErrors (0ms)
				InitializePlatformSupportModulesInManaged (3ms)
				SetLoadedEditorAssemblies (0ms)
				RefreshPlugins (45ms)
				BeforeProcessingInitializeOnLoad (78ms)
				ProcessInitializeOnLoadAttributes (180ms)
				ProcessInitializeOnLoadMethodAttributes (4ms)
				AfterProcessingInitializeOnLoad (5ms)
				EditorAssembliesLoaded (0ms)
			ExecutionOrderSort2 (0ms)
			AwakeInstancesAfterBackupRestoration (6ms)
Platform modules already initialized, skipping
========================================================================
Worker process is ready to serve import requests
Launched and connected shader compiler UnityShaderCompiler.exe after 0.05 seconds
Refreshing native plugins compatible for Editor in 0.42 ms, found 2 plugins.
Preloading 0 native plugins for Editor in 0.00 ms.
Unloading 2701 Unused Serialized files (Serialized files now loaded: 0)
System memory in use before: 123.0 MB.
System memory in use after: 123.1 MB.

Unloading 17 unused Assets to reduce memory usage. Loaded Objects now: 3136.
Total: 2.758700 ms (FindLiveObjects: 0.236400 ms CreateObjectMapping: 0.117200 ms MarkObjects: 2.279900 ms  DeleteObjects: 0.124100 ms)

AssetImportParameters requested are different than current active one (requested -> active):
  custom:framework-win-MediaFoundation: 216162199b28c13a410421893ffa2e32 -> 
  custom:video-decoder-ogg-theora: a1e56fd34408186e4bbccfd4996cb3dc -> 
  custom:container-muxer-webm: aa71ff27fc2769a1b78a27578f13a17b -> 
  custom:container-demuxer-webm: 4f35f7cbe854078d1ac9338744f61a02 -> 
  custom:container-demuxer-ogg: 62fdf1f143b41e24485cea50d1cbac27 -> 
  custom:video-encoder-webm-vp8: eb34c28f22e8b96e1ab97ce403110664 -> 
  custom:video-codec-MediaFoundation-h265: 746d11721c4dcdbdad8f713fa42b33f4 -> 
  custom:video-decoder-webm-vp8: 9c59270c3fd7afecdb556c50c9e8de78 -> 
  custom:audio-decoder-ogg-vorbis: bf7c407c2cedff20999df2af8eb42d56 -> 
  custom:audio-encoder-webm-vorbis: bf7c407c2cedff20999df2af8eb42d56 -> 
========================================================================
Received Import Request.
  path: Assets/Scripts/PlayerLegs.cs
  artifactKey: Guid(32da4d843269af1478add281bffc5b70) Importer(815301076,1909f56bfc062723c751e8b465ee728b)
Start importing Assets/Scripts/PlayerLegs.cs using Guid(32da4d843269af1478add281bffc5b70) Importer(815301076,1909f56bfc062723c751e8b465ee728b)  -> (artifact id: 'bbd2e55faa236b7726e856762d8d8c1d') in 0.021614 seconds 
  Import took 0.025493 seconds .

========================================================================
Received Import Request.
  Time since last request: 42.044049 seconds.
  path: Assets/Scripts/ProcedualLegs.cs
  artifactKey: Guid(32da4d843269af1478add281bffc5b70) Importer(815301076,1909f56bfc062723c751e8b465ee728b)
Start importing Assets/Scripts/ProcedualLegs.cs using Guid(32da4d843269af1478add281bffc5b70) Importer(815301076,1909f56bfc062723c751e8b465ee728b)  -> (artifact id: '1f477001a92fb49650a88c3b520dc4ed') in 0.006862 seconds 
  Import took 0.011213 seconds .

========================================================================
Received Prepare
Registering precompiled user dll's ...
Registered in 0.002961 seconds.
Begin MonoManager ReloadAssembly
Native extension for WindowsStandalone target not found
Refreshing native plugins compatible for Editor in 0.43 ms, found 2 plugins.
Preloading 0 native plugins for Editor in 0.00 ms.
Mono: successfully reloaded assembly
- Completed reload, in  0.993 seconds
Domain Reload Profiling:
	ReloadAssembly (993ms)
		BeginReloadAssembly (104ms)
			ExecutionOrderSort (0ms)
			DisableScriptedObjects (4ms)
			BackupInstance (0ms)
			ReleaseScriptingObjects (0ms)
			CreateAndSetChildDomain (31ms)
		EndReloadAssembly (824ms)
			LoadAssemblies (82ms)
			RebuildTransferFunctionScriptingTraits (0ms)
			SetupTypeCache (303ms)
			ReleaseScriptCaches (1ms)
			RebuildScriptCaches (42ms)
			SetupLoadedEditorAssemblies (285ms)
				LogAssemblyErrors (0ms)
				InitializePlatformSupportModulesInManaged (4ms)
				SetLoadedEditorAssemblies (0ms)
				RefreshPlugins (0ms)
				BeforeProcessingInitializeOnLoad (84ms)
				ProcessInitializeOnLoadAttributes (186ms)
				ProcessInitializeOnLoadMethodAttributes (4ms)
				AfterProcessingInitializeOnLoad (6ms)
				EditorAssembliesLoaded (0ms)
			ExecutionOrderSort2 (0ms)
			AwakeInstancesAfterBackupRestoration (9ms)
Platform modules already initialized, skipping
Refreshing native plugins compatible for Editor in 0.53 ms, found 2 plugins.
Preloading 0 native plugins for Editor in 0.00 ms.
Unloading 2592 Unused Serialized files (Serialized files now loaded: 0)
System memory in use before: 115.8 MB.
System memory in use after: 116.1 MB.

Unloading 12 unused Assets to reduce memory usage. Loaded Objects now: 3138.
Total: 2.636700 ms (FindLiveObjects: 0.249000 ms CreateObjectMapping: 0.116400 ms MarkObjects: 2.253000 ms  DeleteObjects: 0.017600 ms)

AssetImportParameters requested are different than current active one (requested -> active):
  custom:framework-win-MediaFoundation: 216162199b28c13a410421893ffa2e32 -> 
  custom:video-decoder-ogg-theora: a1e56fd34408186e4bbccfd4996cb3dc -> 
  custom:container-muxer-webm: aa71ff27fc2769a1b78a27578f13a17b -> 
  custom:container-demuxer-webm: 4f35f7cbe854078d1ac9338744f61a02 -> 
  custom:container-demuxer-ogg: 62fdf1f143b41e24485cea50d1cbac27 -> 
  custom:video-encoder-webm-vp8: eb34c28f22e8b96e1ab97ce403110664 -> 
  custom:video-codec-MediaFoundation-h265: 746d11721c4dcdbdad8f713fa42b33f4 -> 
  custom:video-decoder-webm-vp8: 9c59270c3fd7afecdb556c50c9e8de78 -> 
  custom:audio-decoder-ogg-vorbis: bf7c407c2cedff20999df2af8eb42d56 -> 
  custom:audio-encoder-webm-vorbis: bf7c407c2cedff20999df2af8eb42d56 -> 
========================================================================
Received Import Request.
  Time since last request: 15.967621 seconds.
  path: Assets/Scripts/ProcedualLegs.cs
  artifactKey: Guid(32da4d843269af1478add281bffc5b70) Importer(815301076,1909f56bfc062723c751e8b465ee728b)
Start importing Assets/Scripts/ProcedualLegs.cs using Guid(32da4d843269af1478add281bffc5b70) Importer(815301076,1909f56bfc062723c751e8b465ee728b)  -> (artifact id: '0ac95167e620a1bd92e833d1415a259a') in 0.005193 seconds 
  Import took 0.009540 seconds .

========================================================================
Received Prepare
Registering precompiled user dll's ...
Registered in 0.003012 seconds.
Begin MonoManager ReloadAssembly
Native extension for WindowsStandalone target not found
Refreshing native plugins compatible for Editor in 0.45 ms, found 2 plugins.
Preloading 0 native plugins for Editor in 0.00 ms.
Mono: successfully reloaded assembly
- Completed reload, in  0.914 seconds
Domain Reload Profiling:
	ReloadAssembly (914ms)
		BeginReloadAssembly (100ms)
			ExecutionOrderSort (0ms)
			DisableScriptedObjects (4ms)
			BackupInstance (0ms)
			ReleaseScriptingObjects (0ms)
			CreateAndSetChildDomain (30ms)
		EndReloadAssembly (757ms)
			LoadAssemblies (86ms)
			RebuildTransferFunctionScriptingTraits (0ms)
			SetupTypeCache (281ms)
			ReleaseScriptCaches (1ms)
			RebuildScriptCaches (38ms)
			SetupLoadedEditorAssemblies (256ms)
				LogAssemblyErrors (0ms)
				InitializePlatformSupportModulesInManaged (4ms)
				SetLoadedEditorAssemblies (1ms)
				RefreshPlugins (1ms)
				BeforeProcessingInitializeOnLoad (72ms)
				ProcessInitializeOnLoadAttributes (169ms)
				ProcessInitializeOnLoadMethodAttributes (3ms)
				AfterProcessingInitializeOnLoad (6ms)
				EditorAssembliesLoaded (0ms)
			ExecutionOrderSort2 (0ms)
			AwakeInstancesAfterBackupRestoration (9ms)
Platform modules already initialized, skipping
Refreshing native plugins compatible for Editor in 0.43 ms, found 2 plugins.
Preloading 0 native plugins for Editor in 0.00 ms.
Unloading 2592 Unused Serialized files (Serialized files now loaded: 0)
System memory in use before: 115.9 MB.
System memory in use after: 116.1 MB.

Unloading 12 unused Assets to reduce memory usage. Loaded Objects now: 3140.
Total: 3.922400 ms (FindLiveObjects: 0.641300 ms CreateObjectMapping: 0.220600 ms MarkObjects: 3.016700 ms  DeleteObjects: 0.042500 ms)

AssetImportParameters requested are different than current active one (requested -> active):
  custom:framework-win-MediaFoundation: 216162199b28c13a410421893ffa2e32 -> 
  custom:video-decoder-ogg-theora: a1e56fd34408186e4bbccfd4996cb3dc -> 
  custom:container-muxer-webm: aa71ff27fc2769a1b78a27578f13a17b -> 
  custom:container-demuxer-webm: 4f35f7cbe854078d1ac9338744f61a02 -> 
  custom:container-demuxer-ogg: 62fdf1f143b41e24485cea50d1cbac27 -> 
  custom:video-encoder-webm-vp8: eb34c28f22e8b96e1ab97ce403110664 -> 
  custom:video-codec-MediaFoundation-h265: 746d11721c4dcdbdad8f713fa42b33f4 -> 
  custom:video-decoder-webm-vp8: 9c59270c3fd7afecdb556c50c9e8de78 -> 
  custom:audio-decoder-ogg-vorbis: bf7c407c2cedff20999df2af8eb42d56 -> 
  custom:audio-encoder-webm-vorbis: bf7c407c2cedff20999df2af8eb42d56 -> 
========================================================================
Received Import Request.
  Time since last request: 107.483018 seconds.
  path: Assets/Materials/Sprite.mat
  artifactKey: Guid(1c5192b34130f7948b592a28cbf06251) Importer(815301076,1909f56bfc062723c751e8b465ee728b)
Start importing Assets/Materials/Sprite.mat using Guid(1c5192b34130f7948b592a28cbf06251) Importer(815301076,1909f56bfc062723c751e8b465ee728b)  -> (artifact id: 'fb546b0313d14acae5c0868e70df2d9e') in 0.205261 seconds 
  Import took 0.209484 seconds .

========================================================================
Received Import Request.
  Time since last request: 10.441144 seconds.
  path: Assets/Materials/Sprites.mat
  artifactKey: Guid(1c5192b34130f7948b592a28cbf06251) Importer(815301076,1909f56bfc062723c751e8b465ee728b)
Start importing Assets/Materials/Sprites.mat using Guid(1c5192b34130f7948b592a28cbf06251) Importer(815301076,1909f56bfc062723c751e8b465ee728b)  -> (artifact id: 'f523a829eca58ff5624a2f05c7e570fa') in 0.013495 seconds 
  Import took 0.017746 seconds .

========================================================================
Received Import Request.
  Time since last request: 176.635319 seconds.
  path: Assets/Materials/Sprites.mat
  artifactKey: Guid(1c5192b34130f7948b592a28cbf06251) Importer(815301076,1909f56bfc062723c751e8b465ee728b)
Start importing Assets/Materials/Sprites.mat using Guid(1c5192b34130f7948b592a28cbf06251) Importer(815301076,1909f56bfc062723c751e8b465ee728b)  -> (artifact id: 'a88683fc62e5ad2af6eec706a53f4286') in 0.013824 seconds 
  Import took 0.018082 seconds .

========================================================================
Received Prepare
Registering precompiled user dll's ...
Registered in 0.003167 seconds.
Begin MonoManager ReloadAssembly
Native extension for WindowsStandalone target not found
Refreshing native plugins compatible for Editor in 0.40 ms, found 2 plugins.
Preloading 0 native plugins for Editor in 0.00 ms.
Mono: successfully reloaded assembly
- Completed reload, in  0.944 seconds
Domain Reload Profiling:
	ReloadAssembly (945ms)
		BeginReloadAssembly (124ms)
			ExecutionOrderSort (0ms)
			DisableScriptedObjects (5ms)
			BackupInstance (0ms)
			ReleaseScriptingObjects (0ms)
			CreateAndSetChildDomain (33ms)
		EndReloadAssembly (765ms)
			LoadAssemblies (83ms)
			RebuildTransferFunctionScriptingTraits (0ms)
			SetupTypeCache (265ms)
			ReleaseScriptCaches (1ms)
			RebuildScriptCaches (36ms)
			SetupLoadedEditorAssemblies (258ms)
				LogAssemblyErrors (0ms)
				InitializePlatformSupportModulesInManaged (4ms)
				SetLoadedEditorAssemblies (0ms)
				RefreshPlugins (0ms)
				BeforeProcessingInitializeOnLoad (75ms)
				ProcessInitializeOnLoadAttributes (169ms)
				ProcessInitializeOnLoadMethodAttributes (4ms)
				AfterProcessingInitializeOnLoad (5ms)
				EditorAssembliesLoaded (0ms)
			ExecutionOrderSort2 (0ms)
			AwakeInstancesAfterBackupRestoration (13ms)
Platform modules already initialized, skipping
Refreshing native plugins compatible for Editor in 0.46 ms, found 2 plugins.
Preloading 0 native plugins for Editor in 0.00 ms.
Unloading 2592 Unused Serialized files (Serialized files now loaded: 0)
System memory in use before: 121.4 MB.
System memory in use after: 121.6 MB.

Unloading 12 unused Assets to reduce memory usage. Loaded Objects now: 3220.
Total: 2.841200 ms (FindLiveObjects: 0.250100 ms CreateObjectMapping: 0.115600 ms MarkObjects: 2.446900 ms  DeleteObjects: 0.027900 ms)

AssetImportParameters requested are different than current active one (requested -> active):
  custom:framework-win-MediaFoundation: 216162199b28c13a410421893ffa2e32 -> 
  custom:video-decoder-ogg-theora: a1e56fd34408186e4bbccfd4996cb3dc -> 
  custom:container-muxer-webm: aa71ff27fc2769a1b78a27578f13a17b -> 
  custom:container-demuxer-webm: 4f35f7cbe854078d1ac9338744f61a02 -> 
  custom:container-demuxer-ogg: 62fdf1f143b41e24485cea50d1cbac27 -> 
  custom:video-encoder-webm-vp8: eb34c28f22e8b96e1ab97ce403110664 -> 
  custom:video-codec-MediaFoundation-h265: 746d11721c4dcdbdad8f713fa42b33f4 -> 
  custom:video-decoder-webm-vp8: 9c59270c3fd7afecdb556c50c9e8de78 -> 
  custom:audio-decoder-ogg-vorbis: bf7c407c2cedff20999df2af8eb42d56 -> 
  custom:audio-encoder-webm-vorbis: bf7c407c2cedff20999df2af8eb42d56 -> 
========================================================================
Received Import Request.
  Time since last request: 158.360593 seconds.
  path: Assets/Scripts/ProceduralLegs.cs
  artifactKey: Guid(32da4d843269af1478add281bffc5b70) Importer(815301076,1909f56bfc062723c751e8b465ee728b)
Start importing Assets/Scripts/ProceduralLegs.cs using Guid(32da4d843269af1478add281bffc5b70) Importer(815301076,1909f56bfc062723c751e8b465ee728b)  -> (artifact id: 'f0fd1492f1809567758fa3094458c73d') in 0.012136 seconds 
  Import took 0.016429 seconds .

========================================================================
Received Import Request.
  Time since last request: 0.016816 seconds.
  path: Assets/Scripts/ProceduralLegs.cs
  artifactKey: Guid(32da4d843269af1478add281bffc5b70) Importer(815301076,1909f56bfc062723c751e8b465ee728b)
Start importing Assets/Scripts/ProceduralLegs.cs using Guid(32da4d843269af1478add281bffc5b70) Importer(815301076,1909f56bfc062723c751e8b465ee728b)  -> (artifact id: 'f0fd1492f1809567758fa3094458c73d') in 0.002502 seconds 
  Import took 0.006848 seconds .

========================================================================
Received Import Request.
  Time since last request: 66.580702 seconds.
  path: Assets/Shaders
  artifactKey: Guid(0392e9de64adb734b86efa49f063f588) Importer(815301076,1909f56bfc062723c751e8b465ee728b)
Start importing Assets/Shaders using Guid(0392e9de64adb734b86efa49f063f588) Importer(815301076,1909f56bfc062723c751e8b465ee728b)  -> (artifact id: '9db36846990531ad6eae6739d550b729') in 0.006660 seconds 
  Import took 0.010987 seconds .

========================================================================
Received Import Request.
  Time since last request: 0.000225 seconds.
  path: Assets/Shaders
  artifactKey: Guid(0392e9de64adb734b86efa49f063f588) Importer(815301076,1909f56bfc062723c751e8b465ee728b)
Start importing Assets/Shaders using Guid(0392e9de64adb734b86efa49f063f588) Importer(815301076,1909f56bfc062723c751e8b465ee728b)  -> (artifact id: '9db36846990531ad6eae6739d550b729') in 0.002848 seconds 
  Import took 0.006499 seconds .

========================================================================
Received Import Request.
  Time since last request: 29.381777 seconds.
  path: Assets/Shaders/ShadedSprite.shader
  artifactKey: Guid(0a1da2604cb9f3d4aae28230239ebe1f) Importer(815301076,1909f56bfc062723c751e8b465ee728b)
Start importing Assets/Shaders/ShadedSprite.shader using Guid(0a1da2604cb9f3d4aae28230239ebe1f) Importer(815301076,1909f56bfc062723c751e8b465ee728b)  -> (artifact id: 'e872e0068d72fa0147d5abe83188d002') in 0.025510 seconds 
  Import took 0.029825 seconds .

========================================================================
Received Import Request.
  Time since last request: 13.881293 seconds.
  path: Assets/Materials/Sprites.mat
  artifactKey: Guid(1c5192b34130f7948b592a28cbf06251) Importer(815301076,1909f56bfc062723c751e8b465ee728b)
Start importing Assets/Materials/Sprites.mat using Guid(1c5192b34130f7948b592a28cbf06251) Importer(815301076,1909f56bfc062723c751e8b465ee728b)  -> (artifact id: 'ea52a922f9f93c422ca38976bbaa7484') in 0.131424 seconds 
  Import took 0.135662 seconds .

========================================================================
Received Import Request.
  Time since last request: 514.206422 seconds.
  path: Assets/Shaders/ShadedSprite.shader
  artifactKey: Guid(0a1da2604cb9f3d4aae28230239ebe1f) Importer(815301076,1909f56bfc062723c751e8b465ee728b)
Start importing Assets/Shaders/ShadedSprite.shader using Guid(0a1da2604cb9f3d4aae28230239ebe1f) Importer(815301076,1909f56bfc062723c751e8b465ee728b)  -> (artifact id: 'f4c2b3803e91c0a8aac9f2a1f60d6a9c') in 0.003747 seconds 
  Import took 0.008074 seconds .

========================================================================
Received Prepare
Registering precompiled user dll's ...
Registered in 0.003725 seconds.
Begin MonoManager ReloadAssembly
Native extension for WindowsStandalone target not found
Refreshing native plugins compatible for Editor in 0.41 ms, found 2 plugins.
Preloading 0 native plugins for Editor in 0.00 ms.
Mono: successfully reloaded assembly
- Completed reload, in  0.976 seconds
Domain Reload Profiling:
	ReloadAssembly (976ms)
		BeginReloadAssembly (122ms)
			ExecutionOrderSort (0ms)
			DisableScriptedObjects (6ms)
			BackupInstance (0ms)
			ReleaseScriptingObjects (0ms)
			CreateAndSetChildDomain (36ms)
		EndReloadAssembly (796ms)
			LoadAssemblies (94ms)
			RebuildTransferFunctionScriptingTraits (0ms)
			SetupTypeCache (275ms)
			ReleaseScriptCaches (1ms)
			RebuildScriptCaches (34ms)
			SetupLoadedEditorAssemblies (274ms)
				LogAssemblyErrors (0ms)
				InitializePlatformSupportModulesInManaged (4ms)
				SetLoadedEditorAssemblies (0ms)
				RefreshPlugins (0ms)
				BeforeProcessingInitializeOnLoad (79ms)
				ProcessInitializeOnLoadAttributes (180ms)
				ProcessInitializeOnLoadMethodAttributes (3ms)
				AfterProcessingInitializeOnLoad (6ms)
				EditorAssembliesLoaded (0ms)
			ExecutionOrderSort2 (0ms)
			AwakeInstancesAfterBackupRestoration (14ms)
Platform modules already initialized, skipping
Refreshing native plugins compatible for Editor in 0.43 ms, found 2 plugins.
Preloading 0 native plugins for Editor in 0.00 ms.
Unloading 2593 Unused Serialized files (Serialized files now loaded: 0)
System memory in use before: 122.1 MB.
System memory in use after: 122.3 MB.

Unloading 12 unused Assets to reduce memory usage. Loaded Objects now: 3261.
Total: 2.917200 ms (FindLiveObjects: 0.208800 ms CreateObjectMapping: 0.096000 ms MarkObjects: 2.575200 ms  DeleteObjects: 0.036300 ms)

AssetImportParameters requested are different than current active one (requested -> active):
  custom:framework-win-MediaFoundation: 216162199b28c13a410421893ffa2e32 -> 
  custom:video-decoder-ogg-theora: a1e56fd34408186e4bbccfd4996cb3dc -> 
  custom:container-muxer-webm: aa71ff27fc2769a1b78a27578f13a17b -> 
  custom:container-demuxer-webm: 4f35f7cbe854078d1ac9338744f61a02 -> 
  custom:container-demuxer-ogg: 62fdf1f143b41e24485cea50d1cbac27 -> 
  custom:video-encoder-webm-vp8: eb34c28f22e8b96e1ab97ce403110664 -> 
  custom:video-codec-MediaFoundation-h265: 746d11721c4dcdbdad8f713fa42b33f4 -> 
  custom:video-decoder-webm-vp8: 9c59270c3fd7afecdb556c50c9e8de78 -> 
  custom:audio-decoder-ogg-vorbis: bf7c407c2cedff20999df2af8eb42d56 -> 
  custom:audio-encoder-webm-vorbis: bf7c407c2cedff20999df2af8eb42d56 -> 
========================================================================
Received Import Request.
  Time since last request: 638.923267 seconds.
  path: Assets/Shaders/SpriteShadow.shader
  artifactKey: Guid(3a54d40f4998e704b8a530f8c3c8e6cf) Importer(815301076,1909f56bfc062723c751e8b465ee728b)
Start importing Assets/Shaders/SpriteShadow.shader using Guid(3a54d40f4998e704b8a530f8c3c8e6cf) Importer(815301076,1909f56bfc062723c751e8b465ee728b)  -> (artifact id: '6ebbce462d7013afb253102487dbcbe4') in 0.023681 seconds 
  Import took 0.028595 seconds .

========================================================================
Received Import Request.
  Time since last request: 0.377332 seconds.
  path: Assets/Shaders/ShadedSprite.shader
  artifactKey: Guid(0a1da2604cb9f3d4aae28230239ebe1f) Importer(815301076,1909f56bfc062723c751e8b465ee728b)
Start importing Assets/Shaders/ShadedSprite.shader using Guid(0a1da2604cb9f3d4aae28230239ebe1f) Importer(815301076,1909f56bfc062723c751e8b465ee728b)  -> (artifact id: 'ad762e8f89283b1d46b95142742e5847') in 0.008627 seconds 
  Import took 0.013970 seconds .

========================================================================
Received Import Request.
  Time since last request: 0.000904 seconds.
  path: Assets/Shaders/ShadedSprite.shader
  artifactKey: Guid(0a1da2604cb9f3d4aae28230239ebe1f) Importer(815301076,1909f56bfc062723c751e8b465ee728b)
Start importing Assets/Shaders/ShadedSprite.shader using Guid(0a1da2604cb9f3d4aae28230239ebe1f) Importer(815301076,1909f56bfc062723c751e8b465ee728b)  -> (artifact id: 'ad762e8f89283b1d46b95142742e5847') in 0.003646 seconds 
  Import took 0.007643 seconds .

========================================================================
Received Import Request.
  Time since last request: 195.037096 seconds.
  path: Assets/Shaders/SpriteShadow.shader
  artifactKey: Guid(3a54d40f4998e704b8a530f8c3c8e6cf) Importer(815301076,1909f56bfc062723c751e8b465ee728b)
Start importing Assets/Shaders/SpriteShadow.shader using Guid(3a54d40f4998e704b8a530f8c3c8e6cf) Importer(815301076,1909f56bfc062723c751e8b465ee728b)  -> (artifact id: '3c3af45256aa1c0f00f59f0819d4e859') in 0.004538 seconds 
  Import took 0.009044 seconds .

========================================================================
Received Import Request.
  Time since last request: 14.114745 seconds.
  path: Assets/Materials/Sprites.mat
  artifactKey: Guid(1c5192b34130f7948b592a28cbf06251) Importer(815301076,1909f56bfc062723c751e8b465ee728b)
Start importing Assets/Materials/Sprites.mat using Guid(1c5192b34130f7948b592a28cbf06251) Importer(815301076,1909f56bfc062723c751e8b465ee728b)  -> (artifact id: 'a0b45e4cbc70f6c1ce82832da133186e') in 0.146728 seconds 
  Import took 0.151727 seconds .

========================================================================
Received Import Request.
  Time since last request: 342.857909 seconds.
  path: Assets/Shaders/RefShader.shader
  artifactKey: Guid(56e38a2cba133bd4e8571318ac3b0e73) Importer(815301076,1909f56bfc062723c751e8b465ee728b)
Start importing Assets/Shaders/RefShader.shader using Guid(56e38a2cba133bd4e8571318ac3b0e73) Importer(815301076,1909f56bfc062723c751e8b465ee728b)  -> (artifact id: '46e95df94401a9f2d059eba891c6dbf6') in 0.010056 seconds 
  Import took 0.018273 seconds .

========================================================================
Received Import Request.
  Time since last request: 0.015898 seconds.
  path: Assets/Shaders/RefShader.shader
  artifactKey: Guid(56e38a2cba133bd4e8571318ac3b0e73) Importer(815301076,1909f56bfc062723c751e8b465ee728b)
Start importing Assets/Shaders/RefShader.shader using Guid(56e38a2cba133bd4e8571318ac3b0e73) Importer(815301076,1909f56bfc062723c751e8b465ee728b)  -> (artifact id: '46e95df94401a9f2d059eba891c6dbf6') in 0.005388 seconds 
  Import took 0.010130 seconds .

========================================================================
Received Import Request.
  Time since last request: 117.677455 seconds.
  path: Assets/Shaders/RefShader.shader
  artifactKey: Guid(56e38a2cba133bd4e8571318ac3b0e73) Importer(815301076,1909f56bfc062723c751e8b465ee728b)
Start importing Assets/Shaders/RefShader.shader using Guid(56e38a2cba133bd4e8571318ac3b0e73) Importer(815301076,1909f56bfc062723c751e8b465ee728b)  -> (artifact id: '58244fb453e9ff8865196be6102b490b') in 0.009591 seconds 
  Import took 0.014709 seconds .

========================================================================
Received Import Request.
  Time since last request: 333.487317 seconds.
  path: Assets/Materials/Sprites 1.mat
  artifactKey: Guid(b6c6e84468fcaa7448e85edd463ba8ce) Importer(815301076,1909f56bfc062723c751e8b465ee728b)
Start importing Assets/Materials/Sprites 1.mat using Guid(b6c6e84468fcaa7448e85edd463ba8ce) Importer(815301076,1909f56bfc062723c751e8b465ee728b)  -> (artifact id: '9382660b63c1b6ea4117e0150c01e692') in 0.017396 seconds 
  Import took 0.021829 seconds .

========================================================================
Received Import Request.
  Time since last request: 30.876128 seconds.
  path: Assets/Textures/2D/Temp Player 1.png
  artifactKey: Guid(50d4e6bbe1f20a84691a1f24dcea6de5) Importer(815301076,1909f56bfc062723c751e8b465ee728b)
Start importing Assets/Textures/2D/Temp Player 1.png using Guid(50d4e6bbe1f20a84691a1f24dcea6de5) Importer(815301076,1909f56bfc062723c751e8b465ee728b)  -> (artifact id: 'cdde5801939edf3fe01506b946ce20ff') in 0.031859 seconds 
  Import took 0.035889 seconds .

========================================================================
Received Import Request.
  Time since last request: 2.650584 seconds.
  path: Assets/Textures/2D/Temp Player 1.png
  artifactKey: Guid(50d4e6bbe1f20a84691a1f24dcea6de5) Importer(815301076,1909f56bfc062723c751e8b465ee728b)
Start importing Assets/Textures/2D/Temp Player 1.png using Guid(50d4e6bbe1f20a84691a1f24dcea6de5) Importer(815301076,1909f56bfc062723c751e8b465ee728b)  -> (artifact id: 'c5aa54d505a7585013ebf98b22c84079') in 0.010309 seconds 
  Import took 0.014430 seconds .

========================================================================
Received Import Request.
  Time since last request: 124.086535 seconds.
  path: Assets/Shaders/SpriteShadow.shader
  artifactKey: Guid(3a54d40f4998e704b8a530f8c3c8e6cf) Importer(815301076,1909f56bfc062723c751e8b465ee728b)
Start importing Assets/Shaders/SpriteShadow.shader using Guid(3a54d40f4998e704b8a530f8c3c8e6cf) Importer(815301076,1909f56bfc062723c751e8b465ee728b)  -> (artifact id: '49c679740f4e6ff809d6069302727b90') in 0.004723 seconds 
  Import took 0.010834 seconds .

========================================================================
Received Import Request.
  Time since last request: 0.009156 seconds.
  path: Assets/Shaders/SpriteShadow.shader
  artifactKey: Guid(3a54d40f4998e704b8a530f8c3c8e6cf) Importer(815301076,1909f56bfc062723c751e8b465ee728b)
Start importing Assets/Shaders/SpriteShadow.shader using Guid(3a54d40f4998e704b8a530f8c3c8e6cf) Importer(815301076,1909f56bfc062723c751e8b465ee728b)  -> (artifact id: '49c679740f4e6ff809d6069302727b90') in 0.005233 seconds 
  Import took 0.009400 seconds .

========================================================================
Received Import Request.
  Time since last request: 35.994017 seconds.
  path: Assets/Materials/Sprites.mat
  artifactKey: Guid(1c5192b34130f7948b592a28cbf06251) Importer(815301076,1909f56bfc062723c751e8b465ee728b)
Start importing Assets/Materials/Sprites.mat using Guid(1c5192b34130f7948b592a28cbf06251) Importer(815301076,1909f56bfc062723c751e8b465ee728b)  -> (artifact id: 'f1b51329be87aad9b524a22ead105957') in 0.011045 seconds 
  Import took 0.015066 seconds .

========================================================================
Received Import Request.
  Time since last request: 255.191566 seconds.
  path: Assets/Shaders/ShadedSprite.shadergraph
  artifactKey: Guid(9a37bf52bb0fb3347af82d4fba279942) Importer(815301076,1909f56bfc062723c751e8b465ee728b)
Start importing Assets/Shaders/ShadedSprite.shadergraph using Guid(9a37bf52bb0fb3347af82d4fba279942) Importer(815301076,1909f56bfc062723c751e8b465ee728b)  -> (artifact id: '85683b2218b75c917321ffd9fec354fb') in 0.005134 seconds 
  Import took 0.009482 seconds .

========================================================================
Received Import Request.
  Time since last request: 0.370854 seconds.
  path: Assets/Shaders/ShadedSprite.shadergraph
  artifactKey: Guid(9a37bf52bb0fb3347af82d4fba279942) Importer(815301076,1909f56bfc062723c751e8b465ee728b)
Start importing Assets/Shaders/ShadedSprite.shadergraph using Guid(9a37bf52bb0fb3347af82d4fba279942) Importer(815301076,1909f56bfc062723c751e8b465ee728b)  -> (artifact id: '85683b2218b75c917321ffd9fec354fb') in 0.005747 seconds 
  Import took 0.010616 seconds .

========================================================================
Received Import Request.
  Time since last request: 70.544389 seconds.
  path: Assets/Materials/Sprites.mat
  artifactKey: Guid(1c5192b34130f7948b592a28cbf06251) Importer(815301076,1909f56bfc062723c751e8b465ee728b)
Start importing Assets/Materials/Sprites.mat using Guid(1c5192b34130f7948b592a28cbf06251) Importer(815301076,1909f56bfc062723c751e8b465ee728b)  -> (artifact id: '16fec8d3d250059b5fecca2d07be44af') in 0.022989 seconds 
  Import took 0.027379 seconds .

========================================================================
Received Import Request.
  Time since last request: 358.153048 seconds.
  path: Assets/Shaders/ShadedSprite.shadergraph
  artifactKey: Guid(9a37bf52bb0fb3347af82d4fba279942) Importer(815301076,1909f56bfc062723c751e8b465ee728b)
Start importing Assets/Shaders/ShadedSprite.shadergraph using Guid(9a37bf52bb0fb3347af82d4fba279942) Importer(815301076,1909f56bfc062723c751e8b465ee728b)  -> (artifact id: 'ce214d51cd3493eb15f278b42408d5df') in 0.003338 seconds 
  Import took 0.007992 seconds .

========================================================================
Received Import Request.
  Time since last request: 0.001867 seconds.
  path: Assets/Shaders/ShadedSprite.shadergraph
  artifactKey: Guid(9a37bf52bb0fb3347af82d4fba279942) Importer(815301076,1909f56bfc062723c751e8b465ee728b)
Start importing Assets/Shaders/ShadedSprite.shadergraph using Guid(9a37bf52bb0fb3347af82d4fba279942) Importer(815301076,1909f56bfc062723c751e8b465ee728b)  -> (artifact id: 'ce214d51cd3493eb15f278b42408d5df') in 0.003967 seconds 
  Import took 0.007982 seconds .

========================================================================
Received Import Request.
  Time since last request: 24.184943 seconds.
  path: Assets/Shaders/ShadedSprite.shadergraph
  artifactKey: Guid(9a37bf52bb0fb3347af82d4fba279942) Importer(815301076,1909f56bfc062723c751e8b465ee728b)
Start importing Assets/Shaders/ShadedSprite.shadergraph using Guid(9a37bf52bb0fb3347af82d4fba279942) Importer(815301076,1909f56bfc062723c751e8b465ee728b)  -> (artifact id: '1d8f00130f5d5a26d1660c08bd5d2cf5') in 0.004848 seconds 
  Import took 0.009160 seconds .

========================================================================
Received Import Request.
  Time since last request: 80.136736 seconds.
  path: Assets/Materials/Sprites.mat
  artifactKey: Guid(1c5192b34130f7948b592a28cbf06251) Importer(815301076,1909f56bfc062723c751e8b465ee728b)
Start importing Assets/Materials/Sprites.mat using Guid(1c5192b34130f7948b592a28cbf06251) Importer(815301076,1909f56bfc062723c751e8b465ee728b)  -> (artifact id: '71f0c3c77580871180cce0f349407e41') in 0.024859 seconds 
  Import took 0.028754 seconds .

========================================================================
Received Import Request.
  Time since last request: 88.713798 seconds.
  path: Packages/com.unity.render-pipelines.universal/Runtime/Materials/Lit.mat
  artifactKey: Guid(31321ba15b8f8eb4c954353edc038b1d) Importer(815301076,1909f56bfc062723c751e8b465ee728b)
Start importing Packages/com.unity.render-pipelines.universal/Runtime/Materials/Lit.mat using Guid(31321ba15b8f8eb4c954353edc038b1d) Importer(815301076,1909f56bfc062723c751e8b465ee728b)  -> (artifact id: '97a46e45ab72210011683b98bb693f19') in 0.023649 seconds 
  Import took 0.028129 seconds .

========================================================================
Received Prepare
Registering precompiled user dll's ...
Registered in 0.002805 seconds.
Begin MonoManager ReloadAssembly
Native extension for WindowsStandalone target not found
Refreshing native plugins compatible for Editor in 0.52 ms, found 2 plugins.
Preloading 0 native plugins for Editor in 0.00 ms.
Mono: successfully reloaded assembly
- Completed reload, in  1.134 seconds
Domain Reload Profiling:
	ReloadAssembly (1134ms)
		BeginReloadAssembly (103ms)
			ExecutionOrderSort (0ms)
			DisableScriptedObjects (7ms)
			BackupInstance (0ms)
			ReleaseScriptingObjects (0ms)
			CreateAndSetChildDomain (32ms)
		EndReloadAssembly (971ms)
			LoadAssemblies (95ms)
			RebuildTransferFunctionScriptingTraits (0ms)
			SetupTypeCache (310ms)
			ReleaseScriptCaches (1ms)
			RebuildScriptCaches (40ms)
			SetupLoadedEditorAssemblies (352ms)
				LogAssemblyErrors (0ms)
				InitializePlatformSupportModulesInManaged (5ms)
				SetLoadedEditorAssemblies (1ms)
				RefreshPlugins (1ms)
				BeforeProcessingInitializeOnLoad (92ms)
				ProcessInitializeOnLoadAttributes (240ms)
				ProcessInitializeOnLoadMethodAttributes (5ms)
				AfterProcessingInitializeOnLoad (8ms)
				EditorAssembliesLoaded (0ms)
			ExecutionOrderSort2 (0ms)
			AwakeInstancesAfterBackupRestoration (20ms)
Platform modules already initialized, skipping
Refreshing native plugins compatible for Editor in 0.57 ms, found 2 plugins.
Preloading 0 native plugins for Editor in 0.00 ms.
Unloading 2593 Unused Serialized files (Serialized files now loaded: 0)
System memory in use before: 122.7 MB.
System memory in use after: 122.9 MB.

Unloading 13 unused Assets to reduce memory usage. Loaded Objects now: 3302.
Total: 4.054100 ms (FindLiveObjects: 0.329200 ms CreateObjectMapping: 0.170700 ms MarkObjects: 3.506900 ms  DeleteObjects: 0.046000 ms)

AssetImportParameters requested are different than current active one (requested -> active):
  custom:framework-win-MediaFoundation: 216162199b28c13a410421893ffa2e32 -> 
  custom:video-decoder-ogg-theora: a1e56fd34408186e4bbccfd4996cb3dc -> 
  custom:container-muxer-webm: aa71ff27fc2769a1b78a27578f13a17b -> 
  custom:container-demuxer-webm: 4f35f7cbe854078d1ac9338744f61a02 -> 
  custom:container-demuxer-ogg: 62fdf1f143b41e24485cea50d1cbac27 -> 
  custom:video-encoder-webm-vp8: eb34c28f22e8b96e1ab97ce403110664 -> 
  custom:video-codec-MediaFoundation-h265: 746d11721c4dcdbdad8f713fa42b33f4 -> 
  custom:video-decoder-webm-vp8: 9c59270c3fd7afecdb556c50c9e8de78 -> 
  custom:audio-decoder-ogg-vorbis: bf7c407c2cedff20999df2af8eb42d56 -> 
  custom:audio-encoder-webm-vorbis: bf7c407c2cedff20999df2af8eb42d56 -> 
========================================================================
Received Prepare
Registering precompiled user dll's ...
Registered in 0.002940 seconds.
Begin MonoManager ReloadAssembly
Native extension for WindowsStandalone target not found
Refreshing native plugins compatible for Editor in 0.75 ms, found 2 plugins.
Preloading 0 native plugins for Editor in 0.00 ms.
Mono: successfully reloaded assembly
- Completed reload, in  1.281 seconds
Domain Reload Profiling:
	ReloadAssembly (1282ms)
		BeginReloadAssembly (130ms)
			ExecutionOrderSort (0ms)
			DisableScriptedObjects (5ms)
			BackupInstance (0ms)
			ReleaseScriptingObjects (0ms)
			CreateAndSetChildDomain (37ms)
		EndReloadAssembly (1069ms)
			LoadAssemblies (103ms)
			RebuildTransferFunctionScriptingTraits (0ms)
			SetupTypeCache (368ms)
			ReleaseScriptCaches (1ms)
			RebuildScriptCaches (52ms)
			SetupLoadedEditorAssemblies (366ms)
				LogAssemblyErrors (0ms)
				InitializePlatformSupportModulesInManaged (6ms)
				SetLoadedEditorAssemblies (1ms)
				RefreshPlugins (1ms)
				BeforeProcessingInitializeOnLoad (103ms)
				ProcessInitializeOnLoadAttributes (243ms)
				ProcessInitializeOnLoadMethodAttributes (5ms)
				AfterProcessingInitializeOnLoad (8ms)
				EditorAssembliesLoaded (0ms)
			ExecutionOrderSort2 (0ms)
			AwakeInstancesAfterBackupRestoration (23ms)
Platform modules already initialized, skipping
Refreshing native plugins compatible for Editor in 0.56 ms, found 2 plugins.
Preloading 0 native plugins for Editor in 0.00 ms.
Unloading 2592 Unused Serialized files (Serialized files now loaded: 0)
System memory in use before: 122.4 MB.
System memory in use after: 122.7 MB.

Unloading 12 unused Assets to reduce memory usage. Loaded Objects now: 3304.
Total: 3.833900 ms (FindLiveObjects: 0.347600 ms CreateObjectMapping: 0.217400 ms MarkObjects: 3.249500 ms  DeleteObjects: 0.018000 ms)

AssetImportParameters requested are different than current active one (requested -> active):
  custom:framework-win-MediaFoundation: 216162199b28c13a410421893ffa2e32 -> 
  custom:video-decoder-ogg-theora: a1e56fd34408186e4bbccfd4996cb3dc -> 
  custom:container-muxer-webm: aa71ff27fc2769a1b78a27578f13a17b -> 
  custom:container-demuxer-webm: 4f35f7cbe854078d1ac9338744f61a02 -> 
  custom:container-demuxer-ogg: 62fdf1f143b41e24485cea50d1cbac27 -> 
  custom:video-encoder-webm-vp8: eb34c28f22e8b96e1ab97ce403110664 -> 
  custom:video-codec-MediaFoundation-h265: 746d11721c4dcdbdad8f713fa42b33f4 -> 
  custom:video-decoder-webm-vp8: 9c59270c3fd7afecdb556c50c9e8de78 -> 
  custom:audio-decoder-ogg-vorbis: bf7c407c2cedff20999df2af8eb42d56 -> 
  custom:audio-encoder-webm-vorbis: bf7c407c2cedff20999df2af8eb42d56 -> 
========================================================================
Received Import Request.
  Time since last request: 133.300454 seconds.
  path: Assets/Prefabs
  artifactKey: Guid(c4a286328f914ec458edd804648c5c1c) Importer(815301076,1909f56bfc062723c751e8b465ee728b)
Start importing Assets/Prefabs using Guid(c4a286328f914ec458edd804648c5c1c) Importer(815301076,1909f56bfc062723c751e8b465ee728b)  -> (artifact id: 'ef67ac7b316500323d1b1d732f56b5b7') in 0.010454 seconds 
  Import took 0.014424 seconds .

========================================================================
Received Import Request.
  Time since last request: 2.186820 seconds.
  path: Assets/Prefabs/NPC Dude.prefab
  artifactKey: Guid(aeeaf01edd4ce2a4789a6f1162c2d386) Importer(815301076,1909f56bfc062723c751e8b465ee728b)
Start importing Assets/Prefabs/NPC Dude.prefab using Guid(aeeaf01edd4ce2a4789a6f1162c2d386) Importer(815301076,1909f56bfc062723c751e8b465ee728b)  -> (artifact id: '6033049c84998d8d82dff70ab7812f93') in 0.153425 seconds 
  Import took 0.157670 seconds .

